<?xml version="1.0" encoding="UTF-8"?>
<testng-results ignored="0" total="1" passed="1" failed="0" skipped="0">
  <reporter-output>
  </reporter-output>
  <suite started-at="2025-02-28T01:25:16 MSK" name="Surefire suite" finished-at="2025-02-28T01:25:26 MSK" duration-ms="10361">
    <groups>
    </groups>
    <test started-at="2025-02-28T01:25:16 MSK" name="Surefire test" finished-at="2025-02-28T01:25:26 MSK" duration-ms="10361">
      <class name="com.test.TestFromPresentation">
        <test-method signature="testFormSubmission()[pri:0, instance:com.test.TestFromPresentation@25d250c6]" started-at="2025-02-28T01:25:16 MSK" name="testFormSubmission" finished-at="2025-02-28T01:25:26 MSK" duration-ms="10331" status="PASS">
          <reporter-output>
          </reporter-output>
        </test-method> <!-- testFormSubmission -->
      </class> <!-- com.test.TestFromPresentation -->
    </test> <!-- Surefire test -->
  </suite> <!-- Surefire suite -->
</testng-results>
